[debug] [2023-05-27T21:17:34.442Z] ----------------------------------------------------------------------
[debug] [2023-05-27T21:17:34.444Z] Command:       /opt/homebrew/Cellar/node/19.7.0/bin/node /opt/homebrew/bin/firebase init hosting
[debug] [2023-05-27T21:17:34.444Z] CLI Version:   12.2.1
[debug] [2023-05-27T21:17:34.444Z] Platform:      darwin
[debug] [2023-05-27T21:17:34.445Z] Node Version:  v19.7.0
[debug] [2023-05-27T21:17:34.445Z] Time:          Sat May 27 2023 14:17:34 GMT-0700 (Pacific Daylight Time)
[debug] [2023-05-27T21:17:34.445Z] ----------------------------------------------------------------------
[debug] 
[debug] [2023-05-27T21:17:34.449Z] > command requires scopes: ["email","openid","https://www.googleapis.com/auth/cloudplatformprojects.readonly","https://www.googleapis.com/auth/firebase","https://www.googleapis.com/auth/cloud-platform"]
[debug] [2023-05-27T21:17:34.449Z] > authorizing via signed-in user (harperzhu99@gmail.com)
[info] 
     ######## #### ########  ######## ########     ###     ######  ########
     ##        ##  ##     ## ##       ##     ##  ##   ##  ##       ##
     ######    ##  ########  ######   ########  #########  ######  ######
     ##        ##  ##    ##  ##       ##     ## ##     ##       ## ##
     ##       #### ##     ## ######## ########  ##     ##  ######  ########

You're about to initialize a Firebase project in this directory:

  /Users/ruijiazhu/Desktop/personal-website/Personal-Portfolio/frontend/personal-website

[info] 
=== Project Setup
[info] 
[info] First, let's associate this project directory with a Firebase project.
[info] You can create multiple project aliases by running firebase use --add, 
[info] but for now we'll just set up a default project.
[info] 
[debug] [2023-05-27T21:17:35.979Z] >>> [apiv2][query] GET https://firebase.googleapis.com/v1beta1/projects pageSize=100
[debug] [2023-05-27T21:17:36.340Z] <<< [apiv2][status] GET https://firebase.googleapis.com/v1beta1/projects 200
[debug] [2023-05-27T21:17:36.340Z] <<< [apiv2][body] GET https://firebase.googleapis.com/v1beta1/projects [omitted]
[info] i  Using project personal-website-5f86e (personal-website) 
[info] 
=== Hosting Setup
[info] 
[info] Your public directory is the folder (relative to your project directory) that
[info] will contain Hosting assets to be uploaded with firebase deploy. If you
[info] have a build process for your assets, use your build's output directory.
[info] 
